0 info it worked if it ends with ok
1 verbose cli [ '/home/cameron/.nvm/versions/node/v6.10.2/bin/node',
1 verbose cli   '/home/cameron/.nvm/versions/node/v6.10.2/bin/npm',
1 verbose cli   'run',
1 verbose cli   'test' ]
2 info using npm@3.10.10
3 info using node@v6.10.2
4 verbose run-script [ 'pretest', 'test', 'posttest' ]
5 info lifecycle ng-adventure@0.0.1~pretest: ng-adventure@0.0.1
6 silly lifecycle ng-adventure@0.0.1~pretest: no script for pretest, continuing
7 info lifecycle ng-adventure@0.0.1~test: ng-adventure@0.0.1
8 verbose lifecycle ng-adventure@0.0.1~test: unsafe-perm in lifecycle true
9 verbose lifecycle ng-adventure@0.0.1~test: PATH: /home/cameron/.nvm/versions/node/v6.10.2/lib/node_modules/npm/bin/node-gyp-bin:/home/cameron/CodeFellows/401/lab-assignments/24-ng-adventure/lab-cameron/node_modules/.bin:/home/cameron/.nvm/versions/node/v6.10.2/bin:/home/cameron/bin:/home/cameron/.local/bin:/usr/local/sbin:/usr/local/bin:/usr/sbin:/usr/bin:/sbin:/bin:/usr/games:/usr/local/games:/snap/bin:/snap/bin
10 verbose lifecycle ng-adventure@0.0.1~test: CWD: /home/cameron/CodeFellows/401/lab-assignments/24-ng-adventure/lab-cameron
11 silly lifecycle ng-adventure@0.0.1~test: Args: [ '-c', 'karma start --single-run' ]
12 silly lifecycle ng-adventure@0.0.1~test: Returned: code: 1  signal: null
13 info lifecycle ng-adventure@0.0.1~test: Failed to exec test script
14 verbose stack Error: ng-adventure@0.0.1 test: `karma start --single-run`
14 verbose stack Exit status 1
14 verbose stack     at EventEmitter.<anonymous> (/home/cameron/.nvm/versions/node/v6.10.2/lib/node_modules/npm/lib/utils/lifecycle.js:255:16)
14 verbose stack     at emitTwo (events.js:106:13)
14 verbose stack     at EventEmitter.emit (events.js:191:7)
14 verbose stack     at ChildProcess.<anonymous> (/home/cameron/.nvm/versions/node/v6.10.2/lib/node_modules/npm/lib/utils/spawn.js:40:14)
14 verbose stack     at emitTwo (events.js:106:13)
14 verbose stack     at ChildProcess.emit (events.js:191:7)
14 verbose stack     at maybeClose (internal/child_process.js:886:16)
14 verbose stack     at Process.ChildProcess._handle.onexit (internal/child_process.js:226:5)
15 verbose pkgid ng-adventure@0.0.1
16 verbose cwd /home/cameron/CodeFellows/401/lab-assignments/24-ng-adventure/lab-cameron
17 error Linux 4.4.0-78-generic
18 error argv "/home/cameron/.nvm/versions/node/v6.10.2/bin/node" "/home/cameron/.nvm/versions/node/v6.10.2/bin/npm" "run" "test"
19 error node v6.10.2
20 error npm  v3.10.10
21 error code ELIFECYCLE
22 error ng-adventure@0.0.1 test: `karma start --single-run`
22 error Exit status 1
23 error Failed at the ng-adventure@0.0.1 test script 'karma start --single-run'.
23 error Make sure you have the latest version of node.js and npm installed.
23 error If you do, this is most likely a problem with the ng-adventure package,
23 error not with npm itself.
23 error Tell the author that this fails on your system:
23 error     karma start --single-run
23 error You can get information on how to open an issue for this project with:
23 error     npm bugs ng-adventure
23 error Or if that isn't available, you can get their info via:
23 error     npm owner ls ng-adventure
23 error There is likely additional logging output above.
24 verbose exit [ 1, true ]
