0 info it worked if it ends with ok
1 verbose cli [ '/Users/white_abigbentleyedu/.nvm/versions/node/v6.10.2/bin/node',
1 verbose cli   '/Users/white_abigbentleyedu/.nvm/versions/node/v6.10.2/bin/npm',
1 verbose cli   'run',
1 verbose cli   'watch' ]
2 info using npm@3.10.10
3 info using node@v6.10.2
4 verbose run-script [ 'prewatch', 'watch', 'postwatch' ]
5 info lifecycle lab-abigail@1.0.0~prewatch: lab-abigail@1.0.0
6 silly lifecycle lab-abigail@1.0.0~prewatch: no script for prewatch, continuing
7 info lifecycle lab-abigail@1.0.0~watch: lab-abigail@1.0.0
8 verbose lifecycle lab-abigail@1.0.0~watch: unsafe-perm in lifecycle true
9 verbose lifecycle lab-abigail@1.0.0~watch: PATH: /Users/white_abigbentleyedu/.nvm/versions/node/v6.10.2/lib/node_modules/npm/bin/node-gyp-bin:/Users/white_abigbentleyedu/codefellows/401/labs/24-ng-adventure/lab-abigail/node_modules/.bin:/Users/white_abigbentleyedu/.nvm/versions/node/v6.10.2/bin:/usr/local/bin:/usr/bin:/bin:/usr/sbin:/sbin
10 verbose lifecycle lab-abigail@1.0.0~watch: CWD: /Users/white_abigbentleyedu/codefellows/401/labs/24-ng-adventure/lab-abigail
11 silly lifecycle lab-abigail@1.0.0~watch: Args: [ '-c', 'webpack-dev-server --inline --hot' ]
12 silly lifecycle lab-abigail@1.0.0~watch: Returned: code: 255  signal: null
13 info lifecycle lab-abigail@1.0.0~watch: Failed to exec watch script
14 verbose stack Error: lab-abigail@1.0.0 watch: `webpack-dev-server --inline --hot`
14 verbose stack Exit status 255
14 verbose stack     at EventEmitter.<anonymous> (/Users/white_abigbentleyedu/.nvm/versions/node/v6.10.2/lib/node_modules/npm/lib/utils/lifecycle.js:255:16)
14 verbose stack     at emitTwo (events.js:106:13)
14 verbose stack     at EventEmitter.emit (events.js:191:7)
14 verbose stack     at ChildProcess.<anonymous> (/Users/white_abigbentleyedu/.nvm/versions/node/v6.10.2/lib/node_modules/npm/lib/utils/spawn.js:40:14)
14 verbose stack     at emitTwo (events.js:106:13)
14 verbose stack     at ChildProcess.emit (events.js:191:7)
14 verbose stack     at maybeClose (internal/child_process.js:886:16)
14 verbose stack     at Process.ChildProcess._handle.onexit (internal/child_process.js:226:5)
15 verbose pkgid lab-abigail@1.0.0
16 verbose cwd /Users/white_abigbentleyedu/codefellows/401/labs/24-ng-adventure/lab-abigail
17 error Darwin 14.5.0
18 error argv "/Users/white_abigbentleyedu/.nvm/versions/node/v6.10.2/bin/node" "/Users/white_abigbentleyedu/.nvm/versions/node/v6.10.2/bin/npm" "run" "watch"
19 error node v6.10.2
20 error npm  v3.10.10
21 error code ELIFECYCLE
22 error lab-abigail@1.0.0 watch: `webpack-dev-server --inline --hot`
22 error Exit status 255
23 error Failed at the lab-abigail@1.0.0 watch script 'webpack-dev-server --inline --hot'.
23 error Make sure you have the latest version of node.js and npm installed.
23 error If you do, this is most likely a problem with the lab-abigail package,
23 error not with npm itself.
23 error Tell the author that this fails on your system:
23 error     webpack-dev-server --inline --hot
23 error You can get information on how to open an issue for this project with:
23 error     npm bugs lab-abigail
23 error Or if that isn't available, you can get their info via:
23 error     npm owner ls lab-abigail
23 error There is likely additional logging output above.
24 verbose exit [ 1, true ]
